White's turn to move
--------------------
8| r n b q k b n r 
7| p p p p p p p p 
6| - - - - - - - - 
5| - - - - - - - - 
4| - - - - - - - - 
3| - - - - - - - - 
2| P P P P P P P P 
1| R N B Q K B N R 
   ---------------
   a b c d e f g h 
--------------------
---------------------------------
Nodes: 21 Depth 1: 0.000244814s
Nodes: 421 Depth 2: 0.00325922s
Nodes: 3252 Depth 3: 0.0637495s
Nodes: 9832 Depth 4: 0.159947s
Nodes: 47003 Depth 5: 0.361327s
---------------------------------
Nodes: 909614 Depth 6: 5.14863s
Size of Tree: 7.27691mb 
---------------------------------
Cur Score: 295
AI suggested moves: 
8| r n b q k b n r 
7| p p p p p p p p 
6| - - - - - - - - 
5| - - - - - - - - 
4| - - - - - - P - 
3| - - - - - - - - 
2| P P P P P P - P 
1| R N B Q K B N R 
   ---------------
   a b c d e f g h 
8| r n b q k b n r 
7| p p p p p p p - 
6| - - - - - - - - 
5| - - - - - - - p 
4| - - - - - - P - 
3| - - - - - - - - 
2| P P P P P P - P 
1| R N B Q K B N R 
   ---------------
   a b c d e f g h 
8| r n b q k b n r 
7| p p p p p p p - 
6| - - - - - - - - 
5| - - - - - - - p 
4| - - - - - - P - 
3| N - - - - - - - 
2| P P P P P P - P 
1| R - B Q K B N R 
   ---------------
   a b c d e f g h 
8| r - b q k b n r 
7| p p p p p p p - 
6| n - - - - - - - 
5| - - - - - - - p 
4| - - - - - - P - 
3| N - - - - - - - 
2| P P P P P P - P 
1| R - B Q K B N R 
   ---------------
   a b c d e f g h 
8| r - b q k b n r 
7| p p p p p p p - 
6| n - - - - - - - 
5| - - - - - - - P 
4| - - - - - - - - 
3| N - - - - - - - 
2| P P P P P P - P 
1| R - B Q K B N R 
   ---------------
   a b c d e f g h 
8| r - b q k b n - 
7| p p p p p p p - 
6| n - - - - - - - 
5| - - - - - - - r 
4| - - - - - - - - 
3| N - - - - - - - 
2| P P P P P P - P 
1| R - B Q K B N R 
   ---------------
   a b c d e f g h 
---------------------------------
