White's turn to move
--------------------
8| r n b q k b n r 
7| p p p p p p p p 
6| - - - - - - - - 
5| - - - - - - - - 
4| - - - - - - - - 
3| - - - - - - - - 
2| P P P P P P P P 
1| R N B Q K B N R 
   ---------------
   a b c d e f g h 
--------------------
---------------------------------
Nodes: 21 Depth 1: 0.000289454s
Nodes: 421 Depth 2: 0.00379597s
Nodes: 4151 Depth 3: 0.0590791s
Nodes: 11908 Depth 4: 0.157209s
Nodes: 49091 Depth 5: 0.360683s
---------------------------------
Nodes: 911702 Depth 6: 5.14126s
Size of Tree: 7.29362mb 
---------------------------------
Cur Score: 295
AI suggested moves: 
8| r n b q k b n r 
7| p p p p p p p p 
6| - - - - - - - - 
5| - - - - - - - - 
4| - - - - - - P - 
3| - - - - - - - - 
2| P P P P P P - P 
1| R N B Q K B N R 
   ---------------
   a b c d e f g h 
8| r n b q k b n r 
7| p p p p p p p - 
6| - - - - - - - - 
5| - - - - - - - p 
4| - - - - - - P - 
3| - - - - - - - - 
2| P P P P P P - P 
1| R N B Q K B N R 
   ---------------
   a b c d e f g h 
8| r n b q k b n r 
7| p p p p p p p - 
6| - - - - - - - - 
5| - - - - - - - p 
4| - - - - - - P - 
3| N - - - - - - - 
2| P P P P P P - P 
1| R - B Q K B N R 
   ---------------
   a b c d e f g h 
8| r - b q k b n r 
7| p p p p p p p - 
6| n - - - - - - - 
5| - - - - - - - p 
4| - - - - - - P - 
3| N - - - - - - - 
2| P P P P P P - P 
1| R - B Q K B N R 
   ---------------
   a b c d e f g h 
8| r - b q k b n r 
7| p p p p p p p - 
6| n - - - - - - - 
5| - - - - - - - P 
4| - - - - - - - - 
3| N - - - - - - - 
2| P P P P P P - P 
1| R - B Q K B N R 
   ---------------
   a b c d e f g h 
8| r - b q k b n - 
7| p p p p p p p - 
6| n - - - - - - - 
5| - - - - - - - r 
4| - - - - - - - - 
3| N - - - - - - - 
2| P P P P P P - P 
1| R - B Q K B N R 
   ---------------
   a b c d e f g h 
---------------------------------
